2014.07.04 12:21:39.772 CEST INFO: *** SYSTEM START ***
2014.07.04 12:21:41.945 CEST WARNING: [Local Folder Repository] The specified file must be a directory. (C:\Users\Sousou\workspace\Annotateur\plugins\edu.stanford.smi.protegex.owl) -- LocalFolderRepository.update()
2014.07.04 12:21:42.248 CEST WARNING: [Repository Manager] Could not find repository file: http://annotation-ontology.googlecode.com/svn/trunk/annotation.repository -- RepositoryFileManager.loadRepositoriesFromURI()
2014.07.04 12:21:42.356 CEST INFO: Loading triples -- ProtegeOWLParser.loadTriples()
2014.07.04 12:21:42.835 CEST INFO: Start processing ontology: http://annotation-ontology.googlecode.com/svn/trunk/annotation.owl Time: Fri Jul 04 12:21:42 CEST 2014 -- ProtegeOWLParser.loadTriples()
2014.07.04 12:21:44.097 CEST INFO: [ProtegeOWLParser] Importing http://purl.org/ao/core/ (from http://purl.org/ao/core/ [actual ontology at this location: http://purl.org/ao/]) -- DefaultProtegeOWLParserLogger.logImport()
2014.07.04 12:21:44.996 CEST INFO: [ProtegeOWLParser] Importing http://purl.org/pav/2.0/ -- DefaultProtegeOWLParserLogger.logImport()
2014.07.04 12:21:45.365 CEST WARNING: [ProtegeOWLParser] Warning: Conflicting prefix found dct:
  Existing namespace: http://dublincore.org/documents/dcmi-terms/
  New namespace: http://purl.org/dc/terms/ -- DefaultProtegeOWLParserLogger.logWarning()
2014.07.04 12:21:45.917 CEST INFO: [ProtegeOWLParser] Importing http://purl.org/ao/annotea/ -- DefaultProtegeOWLParserLogger.logImport()
2014.07.04 12:21:46.271 CEST WARNING: [ProtegeOWLParser] Warning: Conflicting prefix found pav:
  Existing namespace: http://purl.org/pav/
  New namespace: http://swan.mindinformatics.org/ontologies/1.2/pav/ -- DefaultProtegeOWLParserLogger.logWarning()
2014.07.04 12:21:46.721 CEST INFO: [ProtegeOWLParser] Importing http://purl.org/ao/selectors/ -- DefaultProtegeOWLParserLogger.logImport()
2014.07.04 12:21:47.604 CEST INFO: [ProtegeOWLParser] Importing http://purl.org/ao/types/ -- DefaultProtegeOWLParserLogger.logImport()
2014.07.04 12:21:48.458 CEST INFO: [ProtegeOWLParser] Importing http://purl.org/ao/foaf/ -- DefaultProtegeOWLParserLogger.logImport()
2014.07.04 12:21:48.843 CEST WARNING: [ProtegeOWLParser] Warning: Conflicting prefix found ann:
  Existing namespace: http://purl.org/ao/core/
  New namespace: http://purl.org/ao/ -- DefaultProtegeOWLParserLogger.logWarning()
2014.07.04 12:21:49.996 CEST INFO: [ProtegeOWLParser] Importing http://purl.org/swan/2.0/foaf-essential/ (from http://purl.org/swan/2.0/foaf-essential/ [actual ontology at this location: http://xmlns.com/foaf/0.1/]) -- DefaultProtegeOWLParserLogger.logImport()
2014.07.04 12:21:50.379 CEST WARNING: [ProtegeOWLParser] Warning: Conflicting prefix found dct:
  Existing namespace: http://dublincore.org/documents/dcmi-terms/
  New namespace: http://purl.org/dc/terms/ -- DefaultProtegeOWLParserLogger.logWarning()
2014.07.04 12:21:50.516 CEST INFO: [ProtegeOWLParser] Completed triple loading after 7682 ms -- ProtegeOWLParser.loadTriples()
2014.07.04 12:21:50.599 CEST INFO: [TripleChangePostProcessor] Completed lists after 1 ms -- TripleChangePostProcessor.log()
2014.07.04 12:21:50.614 CEST INFO: [TripleChangePostProcessor] Completed anonymous classes after 14 ms -- TripleChangePostProcessor.log()
2014.07.04 12:21:50.620 CEST INFO: [TripleChangePostProcessor] Completed deprecated classes after 6 ms -- TripleChangePostProcessor.log()
2014.07.04 12:21:50.663 CEST INFO: [TripleChangePostProcessor] Completed properties after 43 ms -- TripleChangePostProcessor.log()
2014.07.04 12:21:50.685 CEST INFO: [TripleChangePostProcessor] Completed named classes after 21 ms -- TripleChangePostProcessor.log()
2014.07.04 12:21:50.693 CEST INFO: ... Loading completed after 7858 ms -- ProtegeOWLParser.loadTriples()
2014.07.04 12:36:42.516 CEST INFO: *** SYSTEM START ***
2014.07.04 12:36:44.502 CEST WARNING: [Local Folder Repository] The specified file must be a directory. (C:\Users\Sousou\workspace\Annotateur\plugins\edu.stanford.smi.protegex.owl) -- LocalFolderRepository.update()
2014.07.04 12:36:44.900 CEST WARNING: [Repository Manager] Could not find repository file: http://annotation-ontology.googlecode.com/svn/trunk/annotation.repository -- RepositoryFileManager.loadRepositoriesFromURI()
2014.07.04 12:36:45.104 CEST INFO: Loading triples -- ProtegeOWLParser.loadTriples()
2014.07.04 12:36:45.554 CEST INFO: Start processing ontology: http://annotation-ontology.googlecode.com/svn/trunk/annotation.owl Time: Fri Jul 04 12:36:45 CEST 2014 -- ProtegeOWLParser.loadTriples()
2014.07.04 12:36:48.298 CEST INFO: [ProtegeOWLParser] Importing http://purl.org/ao/core/ (from http://purl.org/ao/core/ [actual ontology at this location: http://purl.org/ao/]) -- DefaultProtegeOWLParserLogger.logImport()
2014.07.04 12:36:49.468 CEST INFO: [ProtegeOWLParser] Importing http://purl.org/pav/2.0/ -- DefaultProtegeOWLParserLogger.logImport()
2014.07.04 12:36:49.847 CEST WARNING: [ProtegeOWLParser] Warning: Conflicting prefix found dct:
  Existing namespace: http://dublincore.org/documents/dcmi-terms/
  New namespace: http://purl.org/dc/terms/ -- DefaultProtegeOWLParserLogger.logWarning()
2014.07.04 12:36:50.594 CEST INFO: [ProtegeOWLParser] Importing http://purl.org/ao/annotea/ -- DefaultProtegeOWLParserLogger.logImport()
2014.07.04 12:36:50.989 CEST WARNING: [ProtegeOWLParser] Warning: Conflicting prefix found pav:
  Existing namespace: http://purl.org/pav/
  New namespace: http://swan.mindinformatics.org/ontologies/1.2/pav/ -- DefaultProtegeOWLParserLogger.logWarning()
2014.07.04 12:36:51.550 CEST INFO: [ProtegeOWLParser] Importing http://purl.org/ao/selectors/ -- DefaultProtegeOWLParserLogger.logImport()
2014.07.04 12:36:52.453 CEST INFO: [ProtegeOWLParser] Importing http://purl.org/ao/types/ -- DefaultProtegeOWLParserLogger.logImport()
2014.07.04 12:36:53.327 CEST INFO: [ProtegeOWLParser] Importing http://purl.org/ao/foaf/ -- DefaultProtegeOWLParserLogger.logImport()
2014.07.04 12:36:53.681 CEST WARNING: [ProtegeOWLParser] Warning: Conflicting prefix found ann:
  Existing namespace: http://purl.org/ao/core/
  New namespace: http://purl.org/ao/ -- DefaultProtegeOWLParserLogger.logWarning()
2014.07.04 12:36:54.606 CEST INFO: [ProtegeOWLParser] Importing http://purl.org/swan/2.0/foaf-essential/ (from http://purl.org/swan/2.0/foaf-essential/ [actual ontology at this location: http://xmlns.com/foaf/0.1/]) -- DefaultProtegeOWLParserLogger.logImport()
2014.07.04 12:36:54.954 CEST WARNING: [ProtegeOWLParser] Warning: Conflicting prefix found dct:
  Existing namespace: http://dublincore.org/documents/dcmi-terms/
  New namespace: http://purl.org/dc/terms/ -- DefaultProtegeOWLParserLogger.logWarning()
2014.07.04 12:36:55.097 CEST INFO: [ProtegeOWLParser] Completed triple loading after 9544 ms -- ProtegeOWLParser.loadTriples()
2014.07.04 12:36:55.186 CEST INFO: [TripleChangePostProcessor] Completed lists after 1 ms -- TripleChangePostProcessor.log()
2014.07.04 12:36:55.199 CEST INFO: [TripleChangePostProcessor] Completed anonymous classes after 13 ms -- TripleChangePostProcessor.log()
2014.07.04 12:36:55.205 CEST INFO: [TripleChangePostProcessor] Completed deprecated classes after 5 ms -- TripleChangePostProcessor.log()
2014.07.04 12:36:55.249 CEST INFO: [TripleChangePostProcessor] Completed properties after 43 ms -- TripleChangePostProcessor.log()
2014.07.04 12:36:55.274 CEST INFO: [TripleChangePostProcessor] Completed named classes after 25 ms -- TripleChangePostProcessor.log()
2014.07.04 12:36:55.282 CEST INFO: ... Loading completed after 9729 ms -- ProtegeOWLParser.loadTriples()
2014.07.07 16:12:17.365 CEST INFO: *** SYSTEM START ***
2014.07.07 16:12:19.871 CEST WARNING: [Local Folder Repository] The specified file must be a directory. (C:\Users\Sousou\workspace\Annotateur\plugins\edu.stanford.smi.protegex.owl) -- LocalFolderRepository.update()
2014.07.07 16:12:20.187 CEST WARNING: [Repository Manager] Could not find repository file: http://annotation-ontology.googlecode.com/svn/trunk/annotation.repository -- RepositoryFileManager.loadRepositoriesFromURI()
2014.07.07 16:12:20.294 CEST INFO: Loading triples -- ProtegeOWLParser.loadTriples()
2014.07.07 16:12:20.862 CEST INFO: Start processing ontology: http://annotation-ontology.googlecode.com/svn/trunk/annotation.owl Time: Mon Jul 07 16:12:20 CEST 2014 -- ProtegeOWLParser.loadTriples()
2014.07.07 16:12:22.383 CEST INFO: [ProtegeOWLParser] Importing http://purl.org/ao/core/ (from http://purl.org/ao/core/ [actual ontology at this location: http://purl.org/ao/]) -- DefaultProtegeOWLParserLogger.logImport()
2014.07.07 16:12:23.547 CEST INFO: [ProtegeOWLParser] Importing http://purl.org/pav/2.0/ -- DefaultProtegeOWLParserLogger.logImport()
2014.07.07 16:12:23.899 CEST WARNING: [ProtegeOWLParser] Warning: Conflicting prefix found dct:
  Existing namespace: http://dublincore.org/documents/dcmi-terms/
  New namespace: http://purl.org/dc/terms/ -- DefaultProtegeOWLParserLogger.logWarning()
2014.07.07 16:12:24.577 CEST INFO: [ProtegeOWLParser] Importing http://purl.org/ao/annotea/ -- DefaultProtegeOWLParserLogger.logImport()
2014.07.07 16:12:24.914 CEST WARNING: [ProtegeOWLParser] Warning: Conflicting prefix found pav:
  Existing namespace: http://purl.org/pav/
  New namespace: http://swan.mindinformatics.org/ontologies/1.2/pav/ -- DefaultProtegeOWLParserLogger.logWarning()
2014.07.07 16:12:25.375 CEST INFO: [ProtegeOWLParser] Importing http://purl.org/ao/selectors/ -- DefaultProtegeOWLParserLogger.logImport()
2014.07.07 16:12:27.124 CEST INFO: [ProtegeOWLParser] Importing http://purl.org/ao/types/ -- DefaultProtegeOWLParserLogger.logImport()
2014.07.07 16:12:28.217 CEST INFO: [ProtegeOWLParser] Importing http://purl.org/ao/foaf/ -- DefaultProtegeOWLParserLogger.logImport()
2014.07.07 16:12:28.568 CEST WARNING: [ProtegeOWLParser] Warning: Conflicting prefix found ann:
  Existing namespace: http://purl.org/ao/core/
  New namespace: http://purl.org/ao/ -- DefaultProtegeOWLParserLogger.logWarning()
2014.07.07 16:12:29.557 CEST INFO: [ProtegeOWLParser] Importing http://purl.org/swan/2.0/foaf-essential/ (from http://purl.org/swan/2.0/foaf-essential/ [actual ontology at this location: http://xmlns.com/foaf/0.1/]) -- DefaultProtegeOWLParserLogger.logImport()
2014.07.07 16:12:29.952 CEST WARNING: [ProtegeOWLParser] Warning: Conflicting prefix found dct:
  Existing namespace: http://dublincore.org/documents/dcmi-terms/
  New namespace: http://purl.org/dc/terms/ -- DefaultProtegeOWLParserLogger.logWarning()
2014.07.07 16:12:30.124 CEST INFO: [ProtegeOWLParser] Completed triple loading after 9264 ms -- ProtegeOWLParser.loadTriples()
2014.07.07 16:12:30.326 CEST INFO: [TripleChangePostProcessor] Completed lists after 1 ms -- TripleChangePostProcessor.log()
2014.07.07 16:12:30.351 CEST INFO: [TripleChangePostProcessor] Completed anonymous classes after 24 ms -- TripleChangePostProcessor.log()
2014.07.07 16:12:30.357 CEST INFO: [TripleChangePostProcessor] Completed deprecated classes after 6 ms -- TripleChangePostProcessor.log()
2014.07.07 16:12:30.427 CEST INFO: [TripleChangePostProcessor] Completed properties after 69 ms -- TripleChangePostProcessor.log()
2014.07.07 16:12:30.452 CEST INFO: [TripleChangePostProcessor] Completed named classes after 24 ms -- TripleChangePostProcessor.log()
2014.07.07 16:12:30.469 CEST INFO: ... Loading completed after 9609 ms -- ProtegeOWLParser.loadTriples()
2014.07.07 16:27:56.631 CEST INFO: *** SYSTEM START ***
2014.07.07 16:27:58.714 CEST WARNING: [Local Folder Repository] The specified file must be a directory. (C:\Users\Sousou\workspace\Annotateur\plugins\edu.stanford.smi.protegex.owl) -- LocalFolderRepository.update()
2014.07.07 16:27:59.053 CEST WARNING: [Repository Manager] Could not find repository file: http://annotation-ontology.googlecode.com/svn/trunk/annotation.repository -- RepositoryFileManager.loadRepositoriesFromURI()
2014.07.07 16:27:59.155 CEST INFO: Loading triples -- ProtegeOWLParser.loadTriples()
2014.07.07 16:27:59.650 CEST INFO: Start processing ontology: http://annotation-ontology.googlecode.com/svn/trunk/annotation.owl Time: Mon Jul 07 16:27:59 CEST 2014 -- ProtegeOWLParser.loadTriples()
2014.07.07 16:28:09.833 CEST SEVERE: Exception caught -- java.net.SocketException: Connection reset
	at java.net.SocketInputStream.read(Unknown Source)
	at java.net.SocketInputStream.read(Unknown Source)
	at java.io.BufferedInputStream.fill(Unknown Source)
	at java.io.BufferedInputStream.read1(Unknown Source)
	at java.io.BufferedInputStream.read(Unknown Source)
	at sun.net.www.http.HttpClient.parseHTTPHeader(Unknown Source)
	at sun.net.www.http.HttpClient.parseHTTP(Unknown Source)
	at sun.net.www.http.HttpClient.parseHTTP(Unknown Source)
	at sun.net.www.protocol.http.HttpURLConnection.getInputStream(Unknown Source)
	at edu.stanford.smi.protegex.owl.jena.parser.ProtegeOWLParser.getInputStream(Unknown Source)
	at edu.stanford.smi.protegex.owl.repository.impl.HTTPRepository.update(Unknown Source)
	at edu.stanford.smi.protegex.owl.repository.impl.HTTPRepository.<init>(Unknown Source)
	at edu.stanford.smi.protegex.owl.repository.RepositoryManager.getRepository(Unknown Source)
	at edu.stanford.smi.protegex.owl.jena.parser.ProtegeOWLParser.getRepository(Unknown Source)
	at edu.stanford.smi.protegex.owl.jena.parser.ProtegeOWLParser.runImport(Unknown Source)
	at edu.stanford.smi.protegex.owl.jena.parser.ProtegeOWLParser.processImports(Unknown Source)
	at edu.stanford.smi.protegex.owl.jena.parser.ProtegeOWLParser.loadTriples(Unknown Source)
	at edu.stanford.smi.protegex.owl.jena.parser.ProtegeOWLParser.run(Unknown Source)
	at edu.stanford.smi.protegex.owl.jena.parser.ProtegeOWLParser.run(Unknown Source)
	at edu.stanford.smi.protegex.owl.jena.parser.ProtegeOWLParser.run(Unknown Source)
	at edu.stanford.smi.protegex.owl.jena.JenaOWLModel.load(Unknown Source)
	at edu.stanford.smi.protegex.owl.ProtegeOWL.createJenaOWLModelFromURI(Unknown Source)
	at AO.NcboObsOntology(AO.java:147)
	at LireJSON.main(LireJSON.java:38)

2014.07.07 16:28:19.576 CEST WARNING: The system cannot find the ontology http://purl.org/ao/core/ in any of the repositories. This import will be ignored. -- UnresolvedImportUIHandler.handleUnresolvableImport()
2014.07.07 16:28:19.577 CEST WARNING: [ProtegeOWLParser] Warning: Ignoring import http://purl.org/ao/core/ -- DefaultProtegeOWLParserLogger.logWarning()
2014.07.07 16:28:29.333 CEST SEVERE: Exception caught -- java.net.SocketException: Connection reset
	at java.net.SocketInputStream.read(Unknown Source)
	at java.net.SocketInputStream.read(Unknown Source)
	at java.io.BufferedInputStream.fill(Unknown Source)
	at java.io.BufferedInputStream.read1(Unknown Source)
	at java.io.BufferedInputStream.read(Unknown Source)
	at sun.net.www.http.HttpClient.parseHTTPHeader(Unknown Source)
	at sun.net.www.http.HttpClient.parseHTTP(Unknown Source)
	at sun.net.www.http.HttpClient.parseHTTP(Unknown Source)
	at sun.net.www.protocol.http.HttpURLConnection.getInputStream(Unknown Source)
	at edu.stanford.smi.protegex.owl.jena.parser.ProtegeOWLParser.getInputStream(Unknown Source)
	at edu.stanford.smi.protegex.owl.repository.impl.HTTPRepository.update(Unknown Source)
	at edu.stanford.smi.protegex.owl.repository.impl.HTTPRepository.<init>(Unknown Source)
	at edu.stanford.smi.protegex.owl.repository.RepositoryManager.getRepository(Unknown Source)
	at edu.stanford.smi.protegex.owl.jena.parser.ProtegeOWLParser.getRepository(Unknown Source)
	at edu.stanford.smi.protegex.owl.jena.parser.ProtegeOWLParser.runImport(Unknown Source)
	at edu.stanford.smi.protegex.owl.jena.parser.ProtegeOWLParser.processImports(Unknown Source)
	at edu.stanford.smi.protegex.owl.jena.parser.ProtegeOWLParser.loadTriples(Unknown Source)
	at edu.stanford.smi.protegex.owl.jena.parser.ProtegeOWLParser.run(Unknown Source)
	at edu.stanford.smi.protegex.owl.jena.parser.ProtegeOWLParser.run(Unknown Source)
	at edu.stanford.smi.protegex.owl.jena.parser.ProtegeOWLParser.run(Unknown Source)
	at edu.stanford.smi.protegex.owl.jena.JenaOWLModel.load(Unknown Source)
	at edu.stanford.smi.protegex.owl.ProtegeOWL.createJenaOWLModelFromURI(Unknown Source)
	at AO.NcboObsOntology(AO.java:147)
	at LireJSON.main(LireJSON.java:38)

2014.07.07 16:28:39.086 CEST WARNING: The system cannot find the ontology http://purl.org/ao/annotea/ in any of the repositories. This import will be ignored. -- UnresolvedImportUIHandler.handleUnresolvableImport()
2014.07.07 16:28:39.087 CEST WARNING: [ProtegeOWLParser] Warning: Ignoring import http://purl.org/ao/annotea/ -- DefaultProtegeOWLParserLogger.logWarning()
2014.07.07 16:28:48.858 CEST SEVERE: Exception caught -- java.net.SocketException: Connection reset
	at java.net.SocketInputStream.read(Unknown Source)
	at java.net.SocketInputStream.read(Unknown Source)
	at java.io.BufferedInputStream.fill(Unknown Source)
	at java.io.BufferedInputStream.read1(Unknown Source)
	at java.io.BufferedInputStream.read(Unknown Source)
	at sun.net.www.http.HttpClient.parseHTTPHeader(Unknown Source)
	at sun.net.www.http.HttpClient.parseHTTP(Unknown Source)
	at sun.net.www.http.HttpClient.parseHTTP(Unknown Source)
	at sun.net.www.protocol.http.HttpURLConnection.getInputStream(Unknown Source)
	at edu.stanford.smi.protegex.owl.jena.parser.ProtegeOWLParser.getInputStream(Unknown Source)
	at edu.stanford.smi.protegex.owl.repository.impl.HTTPRepository.update(Unknown Source)
	at edu.stanford.smi.protegex.owl.repository.impl.HTTPRepository.<init>(Unknown Source)
	at edu.stanford.smi.protegex.owl.repository.RepositoryManager.getRepository(Unknown Source)
	at edu.stanford.smi.protegex.owl.jena.parser.ProtegeOWLParser.getRepository(Unknown Source)
	at edu.stanford.smi.protegex.owl.jena.parser.ProtegeOWLParser.runImport(Unknown Source)
	at edu.stanford.smi.protegex.owl.jena.parser.ProtegeOWLParser.processImports(Unknown Source)
	at edu.stanford.smi.protegex.owl.jena.parser.ProtegeOWLParser.loadTriples(Unknown Source)
	at edu.stanford.smi.protegex.owl.jena.parser.ProtegeOWLParser.run(Unknown Source)
	at edu.stanford.smi.protegex.owl.jena.parser.ProtegeOWLParser.run(Unknown Source)
	at edu.stanford.smi.protegex.owl.jena.parser.ProtegeOWLParser.run(Unknown Source)
	at edu.stanford.smi.protegex.owl.jena.JenaOWLModel.load(Unknown Source)
	at edu.stanford.smi.protegex.owl.ProtegeOWL.createJenaOWLModelFromURI(Unknown Source)
	at AO.NcboObsOntology(AO.java:147)
	at LireJSON.main(LireJSON.java:38)

2014.07.07 16:28:58.589 CEST WARNING: The system cannot find the ontology http://purl.org/ao/selectors/ in any of the repositories. This import will be ignored. -- UnresolvedImportUIHandler.handleUnresolvableImport()
2014.07.07 16:28:58.590 CEST WARNING: [ProtegeOWLParser] Warning: Ignoring import http://purl.org/ao/selectors/ -- DefaultProtegeOWLParserLogger.logWarning()
2014.07.07 16:29:08.345 CEST SEVERE: Exception caught -- java.net.SocketException: Connection reset
	at java.net.SocketInputStream.read(Unknown Source)
	at java.net.SocketInputStream.read(Unknown Source)
	at java.io.BufferedInputStream.fill(Unknown Source)
	at java.io.BufferedInputStream.read1(Unknown Source)
	at java.io.BufferedInputStream.read(Unknown Source)
	at sun.net.www.http.HttpClient.parseHTTPHeader(Unknown Source)
	at sun.net.www.http.HttpClient.parseHTTP(Unknown Source)
	at sun.net.www.http.HttpClient.parseHTTP(Unknown Source)
	at sun.net.www.protocol.http.HttpURLConnection.getInputStream(Unknown Source)
	at edu.stanford.smi.protegex.owl.jena.parser.ProtegeOWLParser.getInputStream(Unknown Source)
	at edu.stanford.smi.protegex.owl.repository.impl.HTTPRepository.update(Unknown Source)
	at edu.stanford.smi.protegex.owl.repository.impl.HTTPRepository.<init>(Unknown Source)
	at edu.stanford.smi.protegex.owl.repository.RepositoryManager.getRepository(Unknown Source)
	at edu.stanford.smi.protegex.owl.jena.parser.ProtegeOWLParser.getRepository(Unknown Source)
	at edu.stanford.smi.protegex.owl.jena.parser.ProtegeOWLParser.runImport(Unknown Source)
	at edu.stanford.smi.protegex.owl.jena.parser.ProtegeOWLParser.processImports(Unknown Source)
	at edu.stanford.smi.protegex.owl.jena.parser.ProtegeOWLParser.loadTriples(Unknown Source)
	at edu.stanford.smi.protegex.owl.jena.parser.ProtegeOWLParser.run(Unknown Source)
	at edu.stanford.smi.protegex.owl.jena.parser.ProtegeOWLParser.run(Unknown Source)
	at edu.stanford.smi.protegex.owl.jena.parser.ProtegeOWLParser.run(Unknown Source)
	at edu.stanford.smi.protegex.owl.jena.JenaOWLModel.load(Unknown Source)
	at edu.stanford.smi.protegex.owl.ProtegeOWL.createJenaOWLModelFromURI(Unknown Source)
	at AO.NcboObsOntology(AO.java:147)
	at LireJSON.main(LireJSON.java:38)

2014.07.07 16:29:18.098 CEST WARNING: The system cannot find the ontology http://purl.org/ao/types/ in any of the repositories. This import will be ignored. -- UnresolvedImportUIHandler.handleUnresolvableImport()
2014.07.07 16:29:18.099 CEST WARNING: [ProtegeOWLParser] Warning: Ignoring import http://purl.org/ao/types/ -- DefaultProtegeOWLParserLogger.logWarning()
2014.07.07 16:29:27.894 CEST SEVERE: Exception caught -- java.net.SocketException: Connection reset
	at java.net.SocketInputStream.read(Unknown Source)
	at java.net.SocketInputStream.read(Unknown Source)
	at java.io.BufferedInputStream.fill(Unknown Source)
	at java.io.BufferedInputStream.read1(Unknown Source)
	at java.io.BufferedInputStream.read(Unknown Source)
	at sun.net.www.http.HttpClient.parseHTTPHeader(Unknown Source)
	at sun.net.www.http.HttpClient.parseHTTP(Unknown Source)
	at sun.net.www.http.HttpClient.parseHTTP(Unknown Source)
	at sun.net.www.protocol.http.HttpURLConnection.getInputStream(Unknown Source)
	at edu.stanford.smi.protegex.owl.jena.parser.ProtegeOWLParser.getInputStream(Unknown Source)
	at edu.stanford.smi.protegex.owl.repository.impl.HTTPRepository.update(Unknown Source)
	at edu.stanford.smi.protegex.owl.repository.impl.HTTPRepository.<init>(Unknown Source)
	at edu.stanford.smi.protegex.owl.repository.RepositoryManager.getRepository(Unknown Source)
	at edu.stanford.smi.protegex.owl.jena.parser.ProtegeOWLParser.getRepository(Unknown Source)
	at edu.stanford.smi.protegex.owl.jena.parser.ProtegeOWLParser.runImport(Unknown Source)
	at edu.stanford.smi.protegex.owl.jena.parser.ProtegeOWLParser.processImports(Unknown Source)
	at edu.stanford.smi.protegex.owl.jena.parser.ProtegeOWLParser.loadTriples(Unknown Source)
	at edu.stanford.smi.protegex.owl.jena.parser.ProtegeOWLParser.run(Unknown Source)
	at edu.stanford.smi.protegex.owl.jena.parser.ProtegeOWLParser.run(Unknown Source)
	at edu.stanford.smi.protegex.owl.jena.parser.ProtegeOWLParser.run(Unknown Source)
	at edu.stanford.smi.protegex.owl.jena.JenaOWLModel.load(Unknown Source)
	at edu.stanford.smi.protegex.owl.ProtegeOWL.createJenaOWLModelFromURI(Unknown Source)
	at AO.NcboObsOntology(AO.java:147)
	at LireJSON.main(LireJSON.java:38)

2014.07.07 16:31:00.714 CEST INFO: *** SYSTEM START ***
2014.07.07 16:31:02.782 CEST WARNING: [Local Folder Repository] The specified file must be a directory. (C:\Users\Sousou\workspace\Annotateur\plugins\edu.stanford.smi.protegex.owl) -- LocalFolderRepository.update()
2014.07.07 16:31:03.537 CEST WARNING: [Repository Manager] Could not find repository file: http://annotation-ontology.googlecode.com/svn/trunk/annotation.repository -- RepositoryFileManager.loadRepositoriesFromURI()
2014.07.07 16:31:03.635 CEST INFO: Loading triples -- ProtegeOWLParser.loadTriples()
2014.07.07 16:31:04.121 CEST INFO: Start processing ontology: http://annotation-ontology.googlecode.com/svn/trunk/annotation.owl Time: Mon Jul 07 16:31:04 CEST 2014 -- ProtegeOWLParser.loadTriples()
2014.07.07 16:31:05.272 CEST INFO: [ProtegeOWLParser] Importing http://purl.org/ao/core/ (from http://purl.org/ao/core/ [actual ontology at this location: http://purl.org/ao/]) -- DefaultProtegeOWLParserLogger.logImport()
2014.07.07 16:31:06.318 CEST INFO: [ProtegeOWLParser] Importing http://purl.org/pav/2.0/ -- DefaultProtegeOWLParserLogger.logImport()
2014.07.07 16:31:06.701 CEST WARNING: [ProtegeOWLParser] Warning: Conflicting prefix found dct:
  Existing namespace: http://dublincore.org/documents/dcmi-terms/
  New namespace: http://purl.org/dc/terms/ -- DefaultProtegeOWLParserLogger.logWarning()
2014.07.07 16:31:07.167 CEST INFO: [ProtegeOWLParser] Importing http://purl.org/ao/annotea/ -- DefaultProtegeOWLParserLogger.logImport()
2014.07.07 16:31:07.502 CEST WARNING: [ProtegeOWLParser] Warning: Conflicting prefix found pav:
  Existing namespace: http://purl.org/pav/
  New namespace: http://swan.mindinformatics.org/ontologies/1.2/pav/ -- DefaultProtegeOWLParserLogger.logWarning()
2014.07.07 16:31:07.903 CEST INFO: [ProtegeOWLParser] Importing http://purl.org/ao/selectors/ -- DefaultProtegeOWLParserLogger.logImport()
2014.07.07 16:31:08.693 CEST INFO: [ProtegeOWLParser] Importing http://purl.org/ao/types/ -- DefaultProtegeOWLParserLogger.logImport()
2014.07.07 16:31:09.448 CEST INFO: [ProtegeOWLParser] Importing http://purl.org/ao/foaf/ -- DefaultProtegeOWLParserLogger.logImport()
2014.07.07 16:31:09.793 CEST WARNING: [ProtegeOWLParser] Warning: Conflicting prefix found ann:
  Existing namespace: http://purl.org/ao/core/
  New namespace: http://purl.org/ao/ -- DefaultProtegeOWLParserLogger.logWarning()
2014.07.07 16:31:10.590 CEST INFO: [ProtegeOWLParser] Importing http://purl.org/swan/2.0/foaf-essential/ (from http://purl.org/swan/2.0/foaf-essential/ [actual ontology at this location: http://xmlns.com/foaf/0.1/]) -- DefaultProtegeOWLParserLogger.logImport()
2014.07.07 16:31:10.951 CEST WARNING: [ProtegeOWLParser] Warning: Conflicting prefix found dct:
  Existing namespace: http://dublincore.org/documents/dcmi-terms/
  New namespace: http://purl.org/dc/terms/ -- DefaultProtegeOWLParserLogger.logWarning()
2014.07.07 16:31:11.132 CEST INFO: [ProtegeOWLParser] Completed triple loading after 7012 ms -- ProtegeOWLParser.loadTriples()
2014.07.07 16:31:11.374 CEST INFO: [TripleChangePostProcessor] Completed lists after 0 ms -- TripleChangePostProcessor.log()
2014.07.07 16:31:11.388 CEST INFO: [TripleChangePostProcessor] Completed anonymous classes after 13 ms -- TripleChangePostProcessor.log()
2014.07.07 16:31:11.395 CEST INFO: [TripleChangePostProcessor] Completed deprecated classes after 6 ms -- TripleChangePostProcessor.log()
2014.07.07 16:31:11.444 CEST INFO: [TripleChangePostProcessor] Completed properties after 49 ms -- TripleChangePostProcessor.log()
2014.07.07 16:31:11.467 CEST INFO: [TripleChangePostProcessor] Completed named classes after 22 ms -- TripleChangePostProcessor.log()
2014.07.07 16:31:11.474 CEST INFO: ... Loading completed after 7355 ms -- ProtegeOWLParser.loadTriples()
2014.07.08 14:58:52.156 CEST INFO: *** SYSTEM START ***
2014.07.08 14:58:54.208 CEST WARNING: [Local Folder Repository] The specified file must be a directory. (C:\Users\Sousou\workspace\Annotateur\plugins\edu.stanford.smi.protegex.owl) -- LocalFolderRepository.update()
2014.07.08 14:58:54.612 CEST WARNING: [Repository Manager] Could not find repository file: http://annotation-ontology.googlecode.com/svn/trunk/annotation.repository -- RepositoryFileManager.loadRepositoriesFromURI()
2014.07.08 14:58:54.781 CEST INFO: Loading triples -- ProtegeOWLParser.loadTriples()
2014.07.08 14:58:55.243 CEST INFO: Start processing ontology: http://annotation-ontology.googlecode.com/svn/trunk/annotation.owl Time: Tue Jul 08 14:58:55 CEST 2014 -- ProtegeOWLParser.loadTriples()
2014.07.08 14:59:08.342 CEST SEVERE: Exception caught -- java.net.SocketException: Connection reset
	at java.net.SocketInputStream.read(Unknown Source)
	at java.net.SocketInputStream.read(Unknown Source)
	at java.io.BufferedInputStream.fill(Unknown Source)
	at java.io.BufferedInputStream.read1(Unknown Source)
	at java.io.BufferedInputStream.read(Unknown Source)
	at sun.net.www.http.HttpClient.parseHTTPHeader(Unknown Source)
	at sun.net.www.http.HttpClient.parseHTTP(Unknown Source)
	at sun.net.www.http.HttpClient.parseHTTP(Unknown Source)
	at sun.net.www.protocol.http.HttpURLConnection.getInputStream(Unknown Source)
	at edu.stanford.smi.protegex.owl.jena.parser.ProtegeOWLParser.getInputStream(Unknown Source)
	at edu.stanford.smi.protegex.owl.repository.impl.HTTPRepository.update(Unknown Source)
	at edu.stanford.smi.protegex.owl.repository.impl.HTTPRepository.<init>(Unknown Source)
	at edu.stanford.smi.protegex.owl.repository.RepositoryManager.getRepository(Unknown Source)
	at edu.stanford.smi.protegex.owl.jena.parser.ProtegeOWLParser.getRepository(Unknown Source)
	at edu.stanford.smi.protegex.owl.jena.parser.ProtegeOWLParser.runImport(Unknown Source)
	at edu.stanford.smi.protegex.owl.jena.parser.ProtegeOWLParser.processImports(Unknown Source)
	at edu.stanford.smi.protegex.owl.jena.parser.ProtegeOWLParser.loadTriples(Unknown Source)
	at edu.stanford.smi.protegex.owl.jena.parser.ProtegeOWLParser.run(Unknown Source)
	at edu.stanford.smi.protegex.owl.jena.parser.ProtegeOWLParser.run(Unknown Source)
	at edu.stanford.smi.protegex.owl.jena.parser.ProtegeOWLParser.run(Unknown Source)
	at edu.stanford.smi.protegex.owl.jena.JenaOWLModel.load(Unknown Source)
	at edu.stanford.smi.protegex.owl.ProtegeOWL.createJenaOWLModelFromURI(Unknown Source)
	at AO.NcboObsOntology(AO.java:152)
	at LireJSON.main(LireJSON.java:39)

2014.07.08 14:59:18.058 CEST WARNING: The system cannot find the ontology http://purl.org/ao/core/ in any of the repositories. This import will be ignored. -- UnresolvedImportUIHandler.handleUnresolvableImport()
2014.07.08 14:59:18.059 CEST WARNING: [ProtegeOWLParser] Warning: Ignoring import http://purl.org/ao/core/ -- DefaultProtegeOWLParserLogger.logWarning()
2014.07.08 14:59:27.766 CEST SEVERE: Exception caught -- java.net.SocketException: Connection reset
	at java.net.SocketInputStream.read(Unknown Source)
	at java.net.SocketInputStream.read(Unknown Source)
	at java.io.BufferedInputStream.fill(Unknown Source)
	at java.io.BufferedInputStream.read1(Unknown Source)
	at java.io.BufferedInputStream.read(Unknown Source)
	at sun.net.www.http.HttpClient.parseHTTPHeader(Unknown Source)
	at sun.net.www.http.HttpClient.parseHTTP(Unknown Source)
	at sun.net.www.http.HttpClient.parseHTTP(Unknown Source)
	at sun.net.www.protocol.http.HttpURLConnection.getInputStream(Unknown Source)
	at edu.stanford.smi.protegex.owl.jena.parser.ProtegeOWLParser.getInputStream(Unknown Source)
	at edu.stanford.smi.protegex.owl.repository.impl.HTTPRepository.update(Unknown Source)
	at edu.stanford.smi.protegex.owl.repository.impl.HTTPRepository.<init>(Unknown Source)
	at edu.stanford.smi.protegex.owl.repository.RepositoryManager.getRepository(Unknown Source)
	at edu.stanford.smi.protegex.owl.jena.parser.ProtegeOWLParser.getRepository(Unknown Source)
	at edu.stanford.smi.protegex.owl.jena.parser.ProtegeOWLParser.runImport(Unknown Source)
	at edu.stanford.smi.protegex.owl.jena.parser.ProtegeOWLParser.processImports(Unknown Source)
	at edu.stanford.smi.protegex.owl.jena.parser.ProtegeOWLParser.loadTriples(Unknown Source)
	at edu.stanford.smi.protegex.owl.jena.parser.ProtegeOWLParser.run(Unknown Source)
	at edu.stanford.smi.protegex.owl.jena.parser.ProtegeOWLParser.run(Unknown Source)
	at edu.stanford.smi.protegex.owl.jena.parser.ProtegeOWLParser.run(Unknown Source)
	at edu.stanford.smi.protegex.owl.jena.JenaOWLModel.load(Unknown Source)
	at edu.stanford.smi.protegex.owl.ProtegeOWL.createJenaOWLModelFromURI(Unknown Source)
	at AO.NcboObsOntology(AO.java:152)
	at LireJSON.main(LireJSON.java:39)

2014.07.08 14:59:39.897 CEST INFO: [ProtegeOWLParser] Importing http://purl.org/ao/annotea/ (from http://purl.org/ao/annotea/ [actual ontology at this location: http://purl.org/ao/annotea/]) -- DefaultProtegeOWLParserLogger.logImport()
2014.07.08 14:59:46.660 CEST WARNING: [ProtegeOWLParser] Warning: Conflicting prefix found pav:
  Existing namespace: http://purl.org/pav/
  New namespace: http://swan.mindinformatics.org/ontologies/1.2/pav/ -- DefaultProtegeOWLParserLogger.logWarning()
2014.07.08 14:59:48.368 CEST INFO: [ProtegeOWLParser] Importing http://purl.org/ao/selectors/ -- DefaultProtegeOWLParserLogger.logImport()
2014.07.08 14:59:49.242 CEST INFO: [ProtegeOWLParser] Importing http://purl.org/ao/types/ -- DefaultProtegeOWLParserLogger.logImport()
2014.07.08 14:59:50.073 CEST INFO: [ProtegeOWLParser] Importing http://purl.org/ao/foaf/ -- DefaultProtegeOWLParserLogger.logImport()
2014.07.08 14:59:50.445 CEST WARNING: [ProtegeOWLParser] Warning: Conflicting prefix found ann:
  Existing namespace: http://purl.org/ao/core/
  New namespace: http://purl.org/ao/ -- DefaultProtegeOWLParserLogger.logWarning()
2014.07.08 14:59:50.968 CEST INFO: [ProtegeOWLParser] Importing http://purl.org/pav/2.0/ -- DefaultProtegeOWLParserLogger.logImport()
2014.07.08 14:59:51.293 CEST WARNING: [ProtegeOWLParser] Warning: Conflicting prefix found dct:
  Existing namespace: http://dublincore.org/documents/dcmi-terms/
  New namespace: http://purl.org/dc/terms/ -- DefaultProtegeOWLParserLogger.logWarning()
2014.07.08 14:59:52.197 CEST INFO: [ProtegeOWLParser] Importing http://purl.org/swan/2.0/foaf-essential/ (from http://purl.org/swan/2.0/foaf-essential/ [actual ontology at this location: http://xmlns.com/foaf/0.1/]) -- DefaultProtegeOWLParserLogger.logImport()
2014.07.08 14:59:52.513 CEST WARNING: [ProtegeOWLParser] Warning: Conflicting prefix found dct:
  Existing namespace: http://dublincore.org/documents/dcmi-terms/
  New namespace: http://purl.org/dc/terms/ -- DefaultProtegeOWLParserLogger.logWarning()
2014.07.08 14:59:52.709 CEST INFO: [ProtegeOWLParser] Completed triple loading after 57466 ms -- ProtegeOWLParser.loadTriples()
2014.07.08 14:59:52.791 CEST INFO: [TripleChangePostProcessor] Completed lists after 2 ms -- TripleChangePostProcessor.log()
2014.07.08 14:59:52.801 CEST INFO: [TripleChangePostProcessor] Completed anonymous classes after 10 ms -- TripleChangePostProcessor.log()
2014.07.08 14:59:52.943 CEST INFO: [TripleChangePostProcessor] Completed deprecated classes after 142 ms -- TripleChangePostProcessor.log()
2014.07.08 14:59:52.984 CEST INFO: [TripleChangePostProcessor] Completed properties after 39 ms -- TripleChangePostProcessor.log()
2014.07.08 14:59:52.999 CEST INFO: [TripleChangePostProcessor] Completed named classes after 15 ms -- TripleChangePostProcessor.log()
2014.07.08 14:59:53.006 CEST INFO: ... Loading completed after 57764 ms -- ProtegeOWLParser.loadTriples()
